{"name": "Проверка страницы выхода из \"Личного кабинета\"", "status": "broken", "statusDetails": {"message": "selenium.common.exceptions.TimeoutException: Message: \nStacktrace:\n\tGetHandleVerifier [0x00007FF6524A9642+30946]\n\t(No symbol) [0x00007FF65245E3D9]\n\t(No symbol) [0x00007FF652356FDA]\n\t(No symbol) [0x00007FF6523A822C]\n\t(No symbol) [0x00007FF6523A850C]\n\t(No symbol) [0x00007FF6523EDCB7]\n\t(No symbol) [0x00007FF6523CCAAF]\n\t(No symbol) [0x00007FF6523EB041]\n\t(No symbol) [0x00007FF6523CC813]\n\t(No symbol) [0x00007FF65239A6E5]\n\t(No symbol) [0x00007FF65239B021]\n\tGetHandleVerifier [0x00007FF6525DF84D+1301229]\n\tGetHandleVerifier [0x00007FF6525EBDC7+1351783]\n\tGetHandleVerifier [0x00007FF6525E2A13+1313971]\n\tGetHandleVerifier [0x00007FF6524DDD16+245686]\n\t(No symbol) [0x00007FF65246759F]\n\t(No symbol) [0x00007FF652463814]\n\t(No symbol) [0x00007FF6524639A2]\n\t(No symbol) [0x00007FF65245A3FF]\n\tBaseThreadInitThunk [0x00007FFC3EBB7374+20]\n\tRtlUserThreadStart [0x00007FFC3FC9CC91+33]", "trace": "self = <tests.test_profile_page.TestProfilePage object at 0x0000016847AD7470>, driver = <selenium.webdriver.chrome.webdriver.WebDriver (session=\"913a0cc18cce1161508e4da8a5222c7f\")>, profile_page = <page_object.profile_page.ProfilePage object at 0x00000168481DD0D0>\nuser = ({'email': 'vlaskulagin@example.org', 'name': 'Валерия Ждановна Никонова', 'password': '0&6@J1WdSf'}, <Response [200]>), login = None\n\n    @allure.title('Проверка страницы выхода из \"Личного кабинета\"')\n    def test_logaut(self, driver, profile_page, user, login):\n        profile_page.find_and_click_my_account_button()\n>       profile_page.find_exit_button()\n\ntests\\test_profile_page.py:16: \n_ _ _ _ _ _ _ _ _ _ _ _ _ _ _ _ _ _ _ _ _ _ _ _ _ _ _ _ _ _ _ _ _ _ _ _ _ _ _ _ _ _ _ _ _ _ _ _ _ _ _ _ _ _ _ _ _ _ _ _ _ _ _ _ _ _ _ _ _ _ _ _ _ _ _ _ _ _ _ _ _ _ _ _ _ _ _ _ _ _ _ _ _ _ _ _ _ _ _ _ _ _ _ _ _ _ _ _ _ _ _ _ _ _ _ _ _ _ _ _ _ _ _ _ _ _ _ _ _ _ _ _ _ _ _ _ _ _ _ _ _ _ _ _ _ _ _ _ _ _ _ _ _ _\npage_object\\profile_page.py:49: in find_exit_button\n    return self.find_element(AccountPageLocators.LOGOUT_BUTTON).click()\npage_object\\base_page.py:23: in find_element\n    return WebDriverWait(self.driver, 15).until(EC.visibility_of_element_located(locator))\n_ _ _ _ _ _ _ _ _ _ _ _ _ _ _ _ _ _ _ _ _ _ _ _ _ _ _ _ _ _ _ _ _ _ _ _ _ _ _ _ _ _ _ _ _ _ _ _ _ _ _ _ _ _ _ _ _ _ _ _ _ _ _ _ _ _ _ _ _ _ _ _ _ _ _ _ _ _ _ _ _ _ _ _ _ _ _ _ _ _ _ _ _ _ _ _ _ _ _ _ _ _ _ _ _ _ _ _ _ _ _ _ _ _ _ _ _ _ _ _ _ _ _ _ _ _ _ _ _ _ _ _ _ _ _ _ _ _ _ _ _ _ _ _ _ _ _ _ _ _ _ _ _ _\n\nself = <selenium.webdriver.support.wait.WebDriverWait (session=\"913a0cc18cce1161508e4da8a5222c7f\")>, method = <function visibility_of_element_located.<locals>._predicate at 0x0000016847AD9E40>, message = ''\n\n    def until(self, method: Callable[[D], Union[Literal[False], T]], message: str = \"\") -> T:\n        \"\"\"Calls the method provided with the driver as an argument until the \\\n        return value does not evaluate to ``False``.\n    \n        :param method: callable(WebDriver)\n        :param message: optional message for :exc:`TimeoutException`\n        :returns: the result of the last call to `method`\n        :raises: :exc:`selenium.common.exceptions.TimeoutException` if timeout occurs\n        \"\"\"\n        screen = None\n        stacktrace = None\n    \n        end_time = time.monotonic() + self._timeout\n        while True:\n            try:\n                value = method(self._driver)\n                if value:\n                    return value\n            except self._ignored_exceptions as exc:\n                screen = getattr(exc, \"screen\", None)\n                stacktrace = getattr(exc, \"stacktrace\", None)\n            time.sleep(self._poll)\n            if time.monotonic() > end_time:\n                break\n>       raise TimeoutException(message, screen, stacktrace)\nE       selenium.common.exceptions.TimeoutException: Message: \nE       Stacktrace:\nE       \tGetHandleVerifier [0x00007FF6524A9642+30946]\nE       \t(No symbol) [0x00007FF65245E3D9]\nE       \t(No symbol) [0x00007FF652356FDA]\nE       \t(No symbol) [0x00007FF6523A822C]\nE       \t(No symbol) [0x00007FF6523A850C]\nE       \t(No symbol) [0x00007FF6523EDCB7]\nE       \t(No symbol) [0x00007FF6523CCAAF]\nE       \t(No symbol) [0x00007FF6523EB041]\nE       \t(No symbol) [0x00007FF6523CC813]\nE       \t(No symbol) [0x00007FF65239A6E5]\nE       \t(No symbol) [0x00007FF65239B021]\nE       \tGetHandleVerifier [0x00007FF6525DF84D+1301229]\nE       \tGetHandleVerifier [0x00007FF6525EBDC7+1351783]\nE       \tGetHandleVerifier [0x00007FF6525E2A13+1313971]\nE       \tGetHandleVerifier [0x00007FF6524DDD16+245686]\nE       \t(No symbol) [0x00007FF65246759F]\nE       \t(No symbol) [0x00007FF652463814]\nE       \t(No symbol) [0x00007FF6524639A2]\nE       \t(No symbol) [0x00007FF65245A3FF]\nE       \tBaseThreadInitThunk [0x00007FFC3EBB7374+20]\nE       \tRtlUserThreadStart [0x00007FFC3FC9CC91+33]\n\n.venv\\Lib\\site-packages\\selenium\\webdriver\\support\\wait.py:105: TimeoutException"}, "steps": [{"name": "Поиск и клик по кнопке \"Личный кабинет\"", "status": "passed", "steps": [{"name": "Поиск кнопки \"Личный кабинет\" в шапке", "status": "passed", "steps": [{"name": "Поиск элемента", "status": "passed", "parameters": [{"name": "locator", "value": "('xpath', \"//p[contains(text(),'Личный Кабинет')]\")"}], "start": 1724093066855, "stop": 1724093066864}], "start": 1724093066855, "stop": 1724093066864}, {"name": "Клик по кнопке \"Личный кабинет\" в шапке", "status": "passed", "steps": [{"name": "Клик по элементу", "status": "passed", "parameters": [{"name": "locator", "value": "('xpath', \"//p[contains(text(),'Личный Кабинет')]\")"}], "start": 1724093066864, "stop": 1724093066908}], "start": 1724093066864, "stop": 1724093066908}], "start": 1724093066854, "stop": 1724093066908}, {"name": "Поиск и клик по кнопке \"Выход\" в Личном кабинете", "status": "broken", "statusDetails": {"message": "selenium.common.exceptions.TimeoutException: Message: \nStacktrace:\n\tGetHandleVerifier [0x00007FF6524A9642+30946]\n\t(No symbol) [0x00007FF65245E3D9]\n\t(No symbol) [0x00007FF652356FDA]\n\t(No symbol) [0x00007FF6523A822C]\n\t(No symbol) [0x00007FF6523A850C]\n\t(No symbol) [0x00007FF6523EDCB7]\n\t(No symbol) [0x00007FF6523CCAAF]\n\t(No symbol) [0x00007FF6523EB041]\n\t(No symbol) [0x00007FF6523CC813]\n\t(No symbol) [0x00007FF65239A6E5]\n\t(No symbol) [0x00007FF65239B021]\n\tGetHandleVerifier [0x00007FF6525DF84D+1301229]\n\tGetHandleVerifier [0x00007FF6525EBDC7+1351783]\n\tGetHandleVerifier [0x00007FF6525E2A13+1313971]\n\tGetHandleVerifier [0x00007FF6524DDD16+245686]\n\t(No symbol) [0x00007FF65246759F]\n\t(No symbol) [0x00007FF652463814]\n\t(No symbol) [0x00007FF6524639A2]\n\t(No symbol) [0x00007FF65245A3FF]\n\tBaseThreadInitThunk [0x00007FFC3EBB7374+20]\n\tRtlUserThreadStart [0x00007FFC3FC9CC91+33]\n\n", "trace": "  File \"E:\\PyCharm\\Diplom_3.1\\.venv\\Lib\\site-packages\\allure_commons\\_allure.py\", line 192, in impl\n    return func(*a, **kw)\n           ^^^^^^^^^^^^^^\n  File \"E:\\PyCharm\\Diplom_3.1\\page_object\\profile_page.py\", line 49, in find_exit_button\n    return self.find_element(AccountPageLocators.LOGOUT_BUTTON).click()\n           ^^^^^^^^^^^^^^^^^^^^^^^^^^^^^^^^^^^^^^^^^^^^^^^^^^^^\n  File \"E:\\PyCharm\\Diplom_3.1\\.venv\\Lib\\site-packages\\allure_commons\\_allure.py\", line 192, in impl\n    return func(*a, **kw)\n           ^^^^^^^^^^^^^^\n  File \"E:\\PyCharm\\Diplom_3.1\\page_object\\base_page.py\", line 23, in find_element\n    return WebDriverWait(self.driver, 15).until(EC.visibility_of_element_located(locator))\n           ^^^^^^^^^^^^^^^^^^^^^^^^^^^^^^^^^^^^^^^^^^^^^^^^^^^^^^^^^^^^^^^^^^^^^^^^^^^^^^^\n  File \"E:\\PyCharm\\Diplom_3.1\\.venv\\Lib\\site-packages\\selenium\\webdriver\\support\\wait.py\", line 105, in until\n    raise TimeoutException(message, screen, stacktrace)\n"}, "steps": [{"name": "Поиск элемента", "status": "broken", "statusDetails": {"message": "selenium.common.exceptions.TimeoutException: Message: \nStacktrace:\n\tGetHandleVerifier [0x00007FF6524A9642+30946]\n\t(No symbol) [0x00007FF65245E3D9]\n\t(No symbol) [0x00007FF652356FDA]\n\t(No symbol) [0x00007FF6523A822C]\n\t(No symbol) [0x00007FF6523A850C]\n\t(No symbol) [0x00007FF6523EDCB7]\n\t(No symbol) [0x00007FF6523CCAAF]\n\t(No symbol) [0x00007FF6523EB041]\n\t(No symbol) [0x00007FF6523CC813]\n\t(No symbol) [0x00007FF65239A6E5]\n\t(No symbol) [0x00007FF65239B021]\n\tGetHandleVerifier [0x00007FF6525DF84D+1301229]\n\tGetHandleVerifier [0x00007FF6525EBDC7+1351783]\n\tGetHandleVerifier [0x00007FF6525E2A13+1313971]\n\tGetHandleVerifier [0x00007FF6524DDD16+245686]\n\t(No symbol) [0x00007FF65246759F]\n\t(No symbol) [0x00007FF652463814]\n\t(No symbol) [0x00007FF6524639A2]\n\t(No symbol) [0x00007FF65245A3FF]\n\tBaseThreadInitThunk [0x00007FFC3EBB7374+20]\n\tRtlUserThreadStart [0x00007FFC3FC9CC91+33]\n\n", "trace": "  File \"E:\\PyCharm\\Diplom_3.1\\.venv\\Lib\\site-packages\\allure_commons\\_allure.py\", line 192, in impl\n    return func(*a, **kw)\n           ^^^^^^^^^^^^^^\n  File \"E:\\PyCharm\\Diplom_3.1\\page_object\\base_page.py\", line 23, in find_element\n    return WebDriverWait(self.driver, 15).until(EC.visibility_of_element_located(locator))\n           ^^^^^^^^^^^^^^^^^^^^^^^^^^^^^^^^^^^^^^^^^^^^^^^^^^^^^^^^^^^^^^^^^^^^^^^^^^^^^^^\n  File \"E:\\PyCharm\\Diplom_3.1\\.venv\\Lib\\site-packages\\selenium\\webdriver\\support\\wait.py\", line 105, in until\n    raise TimeoutException(message, screen, stacktrace)\n"}, "parameters": [{"name": "locator", "value": "('xpath', \"//button[contains(text(),'Выход')]\")"}], "start": 1724093066908, "stop": 1724093082070}], "start": 1724093066908, "stop": 1724093082289}], "parameters": [{"name": "driver", "value": "'chrome'"}], "start": 1724093066854, "stop": 1724093082290, "uuid": "591ad317-7c93-4522-ad4d-f425225285b7", "historyId": "1623bb879892faca5cac9fcf0a247dc5", "testCaseId": "cbd2ef3c5ab269804f6778261f648227", "fullName": "tests.test_profile_page.TestProfilePage#test_logaut", "labels": [{"name": "suite", "value": "Проверки на Авторизацию пользователя"}, {"name": "parentSuite", "value": "tests"}, {"name": "subSuite", "value": "TestProfilePage"}, {"name": "host", "value": "DESKTOP-V8SFPOU"}, {"name": "thread", "value": "52956-MainThread"}, {"name": "framework", "value": "pytest"}, {"name": "language", "value": "cpython3"}, {"name": "package", "value": "tests.test_profile_page"}]}