{"name": "Проверка открытия окна с информацией об ингредиенте \"Флюоресцентная булка R2-D3\"", "status": "broken", "statusDetails": {"message": "selenium.common.exceptions.TimeoutException: Message:", "trace": "self = <tests.test_constructor.TestIngredients object at 0x0000012F321B1BB0>, driver = <selenium.webdriver.firefox.webdriver.WebDriver (session=\"eaa538ff-6de1-4bd3-aca5-a4ee56b54ed6\")>, constructor_page = <page_object.constructor_page.ConstructorPage object at 0x0000012F327F4860>\n\n    @allure.title('Проверка открытия окна с информацией об ингредиенте \"Флюоресцентная булка R2-D3\"')\n    def test_ingredients_bun(self, driver, constructor_page):\n        constructor_page.find_and_button_buns()\n        constructor_page.find_and_click_bun()\n        constructor_page.find_and_click_modal_close_button()\n>       assert constructor_page.find_and_check_window_info().is_displayed()\n\ntests\\test_constructor.py:28: \n_ _ _ _ _ _ _ _ _ _ _ _ _ _ _ _ _ _ _ _ _ _ _ _ _ _ _ _ _ _ _ _ _ _ _ _ _ _ _ _ _ _ _ _ _ _ _ _ _ _ _ _ _ _ _ _ _ _ _ _ _ _ _ _ _ _ _ _ _ _ _ _ _ _ _ _ _ _ _ _ _ _ _ _ _ _ _ _ _ _ _ _ _ _ _ _ _ _ _ _ _ _ _ _ _ _ _ _ _ _ _ _ _ _ _ _ _ _ _ _ _ _ _ _ _ _ _ _ _ _ _ _ _ _ _ _ _ _ _ _ _ _ _ _ _ _ _ _ _ _ _ _ _ _\npage_object\\constructor_page.py:46: in find_and_check_window_info\n    return self.find_element(MainPageLocators.INGREDIENT_INFO_WINDOW)\npage_object\\base_page.py:23: in find_element\n    return WebDriverWait(self.driver, 15).until(EC.visibility_of_element_located(locator))\n_ _ _ _ _ _ _ _ _ _ _ _ _ _ _ _ _ _ _ _ _ _ _ _ _ _ _ _ _ _ _ _ _ _ _ _ _ _ _ _ _ _ _ _ _ _ _ _ _ _ _ _ _ _ _ _ _ _ _ _ _ _ _ _ _ _ _ _ _ _ _ _ _ _ _ _ _ _ _ _ _ _ _ _ _ _ _ _ _ _ _ _ _ _ _ _ _ _ _ _ _ _ _ _ _ _ _ _ _ _ _ _ _ _ _ _ _ _ _ _ _ _ _ _ _ _ _ _ _ _ _ _ _ _ _ _ _ _ _ _ _ _ _ _ _ _ _ _ _ _ _ _ _ _\n\nself = <selenium.webdriver.support.wait.WebDriverWait (session=\"eaa538ff-6de1-4bd3-aca5-a4ee56b54ed6\")>, method = <function visibility_of_element_located.<locals>._predicate at 0x0000012F3222BF60>, message = ''\n\n    def until(self, method: Callable[[D], Union[Literal[False], T]], message: str = \"\") -> T:\n        \"\"\"Calls the method provided with the driver as an argument until the \\\n        return value does not evaluate to ``False``.\n    \n        :param method: callable(WebDriver)\n        :param message: optional message for :exc:`TimeoutException`\n        :returns: the result of the last call to `method`\n        :raises: :exc:`selenium.common.exceptions.TimeoutException` if timeout occurs\n        \"\"\"\n        screen = None\n        stacktrace = None\n    \n        end_time = time.monotonic() + self._timeout\n        while True:\n            try:\n                value = method(self._driver)\n                if value:\n                    return value\n            except self._ignored_exceptions as exc:\n                screen = getattr(exc, \"screen\", None)\n                stacktrace = getattr(exc, \"stacktrace\", None)\n            time.sleep(self._poll)\n            if time.monotonic() > end_time:\n                break\n>       raise TimeoutException(message, screen, stacktrace)\nE       selenium.common.exceptions.TimeoutException: Message:\n\n.venv\\Lib\\site-packages\\selenium\\webdriver\\support\\wait.py:105: TimeoutException"}, "steps": [{"name": "Поиск кнопки \"Булки\" в конструкторе", "status": "passed", "steps": [{"name": "Поиск элемента", "status": "passed", "parameters": [{"name": "locator", "value": "('xpath', \".//span[text() = 'Булки']\")"}], "start": 1724093650942, "stop": 1724093650958}], "start": 1724093650942, "stop": 1724093650958}, {"name": "Клик по ингредиенту \"Флюоресцентная булка R2-D3\" в конструкторе", "status": "passed", "steps": [{"name": "Поиск элемента", "status": "passed", "parameters": [{"name": "locator", "value": "('xpath', \".//p[text()='Флюоресцентная булка R2-D3']\")"}], "start": 1724093650958, "stop": 1724093650964}], "start": 1724093650958, "stop": 1724093651189}, {"name": "Поиск и нажатие кнопки закрытия окна с информацией об ингредиенте \"Флюоресцентная булка R2-D3\"", "status": "passed", "steps": [{"name": "Поиск элемента", "status": "passed", "parameters": [{"name": "locator", "value": "('xpath', \".//section[@class='Modal_modal_opened__3ISw4 Modal_modal__P3_V5']//button[@type='button']\")"}], "start": 1724093651189, "stop": 1724093651196}], "start": 1724093651189, "stop": 1724093651405}, {"name": "Поиск окна с информацией об ингредиенте \"Флюоресцентная булка R2-D3\"", "status": "broken", "statusDetails": {"message": "selenium.common.exceptions.TimeoutException: Message: \n\n", "trace": "  File \"E:\\PyCharm\\Diplom_3.1\\.venv\\Lib\\site-packages\\allure_commons\\_allure.py\", line 192, in impl\n    return func(*a, **kw)\n           ^^^^^^^^^^^^^^\n  File \"E:\\PyCharm\\Diplom_3.1\\page_object\\constructor_page.py\", line 46, in find_and_check_window_info\n    return self.find_element(MainPageLocators.INGREDIENT_INFO_WINDOW)\n           ^^^^^^^^^^^^^^^^^^^^^^^^^^^^^^^^^^^^^^^^^^^^^^^^^^^^^^^^^^\n  File \"E:\\PyCharm\\Diplom_3.1\\.venv\\Lib\\site-packages\\allure_commons\\_allure.py\", line 192, in impl\n    return func(*a, **kw)\n           ^^^^^^^^^^^^^^\n  File \"E:\\PyCharm\\Diplom_3.1\\page_object\\base_page.py\", line 23, in find_element\n    return WebDriverWait(self.driver, 15).until(EC.visibility_of_element_located(locator))\n           ^^^^^^^^^^^^^^^^^^^^^^^^^^^^^^^^^^^^^^^^^^^^^^^^^^^^^^^^^^^^^^^^^^^^^^^^^^^^^^^\n  File \"E:\\PyCharm\\Diplom_3.1\\.venv\\Lib\\site-packages\\selenium\\webdriver\\support\\wait.py\", line 105, in until\n    raise TimeoutException(message, screen, stacktrace)\n"}, "steps": [{"name": "Поиск элемента", "status": "broken", "statusDetails": {"message": "selenium.common.exceptions.TimeoutException: Message: \n\n", "trace": "  File \"E:\\PyCharm\\Diplom_3.1\\.venv\\Lib\\site-packages\\allure_commons\\_allure.py\", line 192, in impl\n    return func(*a, **kw)\n           ^^^^^^^^^^^^^^\n  File \"E:\\PyCharm\\Diplom_3.1\\page_object\\base_page.py\", line 23, in find_element\n    return WebDriverWait(self.driver, 15).until(EC.visibility_of_element_located(locator))\n           ^^^^^^^^^^^^^^^^^^^^^^^^^^^^^^^^^^^^^^^^^^^^^^^^^^^^^^^^^^^^^^^^^^^^^^^^^^^^^^^\n  File \"E:\\PyCharm\\Diplom_3.1\\.venv\\Lib\\site-packages\\selenium\\webdriver\\support\\wait.py\", line 105, in until\n    raise TimeoutException(message, screen, stacktrace)\n"}, "parameters": [{"name": "locator", "value": "('xpath', \".//div[@class='Modal_modal__contentBox__sCy8X pt-10 pb-15']\")"}], "start": 1724093651405, "stop": 1724093666604}], "start": 1724093651405, "stop": 1724093666605}], "parameters": [{"name": "driver", "value": "'firefox'"}], "start": 1724093650941, "stop": 1724093666605, "uuid": "64aa9372-a9ed-4d99-ae15-3a6d1a99d8fc", "historyId": "d7b7f5d8fb21ff022654338459d35554", "testCaseId": "fa6a4b51fcabb173192c8bea00560387", "fullName": "tests.test_constructor.TestIngredients#test_ingredients_bun", "labels": [{"name": "suite", "value": "Проверки на работу с Ингредиентами"}, {"name": "parentSuite", "value": "tests"}, {"name": "subSuite", "value": "TestIngredients"}, {"name": "host", "value": "DESKTOP-V8SFPOU"}, {"name": "thread", "value": "48952-MainThread"}, {"name": "framework", "value": "pytest"}, {"name": "language", "value": "cpython3"}, {"name": "package", "value": "tests.test_constructor"}]}