{"name": "Проверка поиска номера заказа в Ленте заказов", "status": "broken", "statusDetails": {"message": "selenium.common.exceptions.TimeoutException: Message:", "trace": "self = <tests.test_feed_order.TestFeedOrder object at 0x0000012F321B3170>, driver = <selenium.webdriver.firefox.webdriver.WebDriver (session=\"bd2fbb70-0671-4852-87e1-f799c1bac885\")>, feed_order_page = <page_object.feed_order_page.FeedOrderPage object at 0x0000012F328EE660>\nuser = ({'email': 'konovalovsemen@example.org', 'name': 'Пахомов Остромир Ефремович', 'password': '5@3zPVqTE!'}, <Response [200]>), login = None\n\n    @allure.title('Проверка поиска номера заказа в Ленте заказов')\n    def test_find_number_order_in_feed_orders(self, driver, feed_order_page, user, login):\n        feed_order_page.find_bun()\n        feed_order_page.transfer_ingredient_bun()\n        feed_order_page.find_and_click_button_place_order()\n        feed_order_page.wait_find_modal_window()\n        feed_order_page.find_exit()                             # по непонятным причинам, закрыть модальное окно,\n>       feed_order_page.get_number_order_modal_window()         # в этом тесте и ниже,\n\ntests\\test_feed_order.py:19: \n_ _ _ _ _ _ _ _ _ _ _ _ _ _ _ _ _ _ _ _ _ _ _ _ _ _ _ _ _ _ _ _ _ _ _ _ _ _ _ _ _ _ _ _ _ _ _ _ _ _ _ _ _ _ _ _ _ _ _ _ _ _ _ _ _ _ _ _ _ _ _ _ _ _ _ _ _ _ _ _ _ _ _ _ _ _ _ _ _ _ _ _ _ _ _ _ _ _ _ _ _ _ _ _ _ _ _ _ _ _ _ _ _ _ _ _ _ _ _ _ _ _ _ _ _ _ _ _ _ _ _ _ _ _ _ _ _ _ _ _ _ _ _ _ _ _ _ _ _ _ _ _ _ _\npage_object\\feed_order_page.py:83: in get_number_order_modal_window\n    self.wait_to_number(FeedPageLocators.NUMBER_ORDER_IN_MODAL_WINDOW, \"9999\")\npage_object\\base_page.py:47: in wait_to_number\n    return WebDriverWait(self.driver, 15).until_not(EC.text_to_be_present_in_element(locator, value))\n_ _ _ _ _ _ _ _ _ _ _ _ _ _ _ _ _ _ _ _ _ _ _ _ _ _ _ _ _ _ _ _ _ _ _ _ _ _ _ _ _ _ _ _ _ _ _ _ _ _ _ _ _ _ _ _ _ _ _ _ _ _ _ _ _ _ _ _ _ _ _ _ _ _ _ _ _ _ _ _ _ _ _ _ _ _ _ _ _ _ _ _ _ _ _ _ _ _ _ _ _ _ _ _ _ _ _ _ _ _ _ _ _ _ _ _ _ _ _ _ _ _ _ _ _ _ _ _ _ _ _ _ _ _ _ _ _ _ _ _ _ _ _ _ _ _ _ _ _ _ _ _ _ _\n\nself = <selenium.webdriver.support.wait.WebDriverWait (session=\"bd2fbb70-0671-4852-87e1-f799c1bac885\")>, method = <function text_to_be_present_in_element.<locals>._predicate at 0x0000012F3222BE20>, message = ''\n\n    def until_not(self, method: Callable[[D], T], message: str = \"\") -> Union[T, Literal[True]]:\n        \"\"\"Calls the method provided with the driver as an argument until the \\\n        return value evaluates to ``False``.\n    \n        :param method: callable(WebDriver)\n        :param message: optional message for :exc:`TimeoutException`\n        :returns: the result of the last call to `method`, or\n                  ``True`` if `method` has raised one of the ignored exceptions\n        :raises: :exc:`selenium.common.exceptions.TimeoutException` if timeout occurs\n        \"\"\"\n        end_time = time.monotonic() + self._timeout\n        while True:\n            try:\n                value = method(self._driver)\n                if not value:\n                    return value\n            except self._ignored_exceptions:\n                return True\n            time.sleep(self._poll)\n            if time.monotonic() > end_time:\n                break\n>       raise TimeoutException(message)\nE       selenium.common.exceptions.TimeoutException: Message:\n\n.venv\\Lib\\site-packages\\selenium\\webdriver\\support\\wait.py:128: TimeoutException"}, "steps": [{"name": "Поиск ингредиента \"Флюоресцентная булка R2-D3\"", "status": "passed", "steps": [{"name": "Поиск элемента", "status": "passed", "parameters": [{"name": "locator", "value": "('xpath', \".//p[text()='Флюоресцентная булка R2-D3']\")"}], "start": 1724093833863, "stop": 1724093834370}], "start": 1724093833862, "stop": 1724093834370}, {"name": "Перетаскивание ингредиента \"Флюоресцентная булка R2-D3\" в корзину", "status": "passed", "steps": [{"name": "Перемещение элемента", "status": "passed", "parameters": [{"name": "element_locator", "value": "('xpath', \".//p[text()='Флюоресцентная булка R2-D3']\")"}, {"name": "target_locator", "value": "('xpath', \".//section[@class='BurgerConstructor_basket__29Cd7 mt-25 ']\")"}], "start": 1724093834371, "stop": 1724093834906}], "start": 1724093834371, "stop": 1724093834906}, {"name": "Поиск и нажатие кнопки \"Оформить заказ\"", "status": "passed", "steps": [{"name": "Поиск элемента", "status": "passed", "parameters": [{"name": "locator", "value": "('xpath', \".//button[contains(text(),'Оформить заказ')]\")"}], "start": 1724093834906, "stop": 1724093834914}], "start": 1724093834906, "stop": 1724093835138}, {"name": "Поиск окна подтверждения принятия заказа", "status": "passed", "steps": [{"name": "Поиск элемента", "status": "passed", "parameters": [{"name": "locator", "value": "('xpath', \".//div[@class='Modal_modal__container__Wo2l_']\")"}], "start": 1724093835138, "stop": 1724093835145}], "start": 1724093835138, "stop": 1724093835145}, {"name": "Поиск кнопки \"Выход\" в модальном окне", "status": "passed", "steps": [{"name": "Поиск элемента", "status": "passed", "parameters": [{"name": "locator", "value": "('xpath', \"//section[contains(@class,'Modal_modal_opened')]//button[contains(@class,'Modal_modal__close_modified')]\")"}], "start": 1724093835145, "stop": 1724093835154}], "start": 1724093835145, "stop": 1724093835154}, {"name": "Получаем номер заказа в модальном окне", "status": "broken", "statusDetails": {"message": "selenium.common.exceptions.TimeoutException: Message: \n\n", "trace": "  File \"E:\\PyCharm\\Diplom_3.1\\.venv\\Lib\\site-packages\\allure_commons\\_allure.py\", line 192, in impl\n    return func(*a, **kw)\n           ^^^^^^^^^^^^^^\n  File \"E:\\PyCharm\\Diplom_3.1\\page_object\\feed_order_page.py\", line 83, in get_number_order_modal_window\n    self.wait_to_number(FeedPageLocators.NUMBER_ORDER_IN_MODAL_WINDOW, \"9999\")\n  File \"E:\\PyCharm\\Diplom_3.1\\.venv\\Lib\\site-packages\\allure_commons\\_allure.py\", line 192, in impl\n    return func(*a, **kw)\n           ^^^^^^^^^^^^^^\n  File \"E:\\PyCharm\\Diplom_3.1\\page_object\\base_page.py\", line 47, in wait_to_number\n    return WebDriverWait(self.driver, 15).until_not(EC.text_to_be_present_in_element(locator, value))\n           ^^^^^^^^^^^^^^^^^^^^^^^^^^^^^^^^^^^^^^^^^^^^^^^^^^^^^^^^^^^^^^^^^^^^^^^^^^^^^^^^^^^^^^^^^^\n  File \"E:\\PyCharm\\Diplom_3.1\\.venv\\Lib\\site-packages\\selenium\\webdriver\\support\\wait.py\", line 128, in until_not\n    raise TimeoutException(message)\n"}, "steps": [{"name": "Ожидание смены значения", "status": "broken", "statusDetails": {"message": "selenium.common.exceptions.TimeoutException: Message: \n\n", "trace": "  File \"E:\\PyCharm\\Diplom_3.1\\.venv\\Lib\\site-packages\\allure_commons\\_allure.py\", line 192, in impl\n    return func(*a, **kw)\n           ^^^^^^^^^^^^^^\n  File \"E:\\PyCharm\\Diplom_3.1\\page_object\\base_page.py\", line 47, in wait_to_number\n    return WebDriverWait(self.driver, 15).until_not(EC.text_to_be_present_in_element(locator, value))\n           ^^^^^^^^^^^^^^^^^^^^^^^^^^^^^^^^^^^^^^^^^^^^^^^^^^^^^^^^^^^^^^^^^^^^^^^^^^^^^^^^^^^^^^^^^^\n  File \"E:\\PyCharm\\Diplom_3.1\\.venv\\Lib\\site-packages\\selenium\\webdriver\\support\\wait.py\", line 128, in until_not\n    raise TimeoutException(message)\n"}, "parameters": [{"name": "locator", "value": "('xpath', '//section[contains(@class, \"Modal_modal_opened\")]//h2')"}, {"name": "value", "value": "'9999'"}], "start": 1724093835154, "stop": 1724093850386}], "start": 1724093835154, "stop": 1724093850386}], "parameters": [{"name": "driver", "value": "'firefox'"}], "start": 1724093833862, "stop": 1724093850387, "uuid": "26285087-2cd6-4a7c-bf0c-73eadac85134", "historyId": "f5e7c6b0e4b164f2f22e0911513dda74", "testCaseId": "9a4509ddda204c3b10dd6994e3b6f789", "fullName": "tests.test_feed_order.TestFeedOrder#test_find_number_order_in_feed_orders", "labels": [{"name": "suite", "value": "Проверки ленты заказов"}, {"name": "parentSuite", "value": "tests"}, {"name": "subSuite", "value": "TestFeedOrder"}, {"name": "host", "value": "DESKTOP-V8SFPOU"}, {"name": "thread", "value": "48952-MainThread"}, {"name": "framework", "value": "pytest"}, {"name": "language", "value": "cpython3"}, {"name": "package", "value": "tests.test_feed_order"}]}